<?xml version="1.0" encoding="UTF-8" ?>
<configuration>
    <properties>
        <property name="driverClass" value="com.mysql.jdbc.Driver"/>
        <property name="url" value="jdbc:mysql://localhost:3306/mybatis"/>
    </properties>
    <environments default="development">
        <environment id="development">
            <transactionManager type="JDBC"/>
            <dataSource type="POOLED">
                <property name="driver" value="${driverClass}"/>
                <property name="url" value="${url}"/>
            </dataSource>
        </environment>
    </environments>
    <mappers>
        <mapper class="com.xm.mapper.UserMapper"/>
        <mapper resource="UserMapper.xml"/>
    </mappers>
</configuration>